  Camera.cpp
  EBO.cpp
  Main.cpp
  Mesh.cpp
C:\Users\kiana\source\repos\3T1-COM\ProgramacionGrafica\backfaceCulling\BackFaceCulling\Mesh.cpp(80,43): warning C4267: 'argumento': conversión de 'size_t' a 'GLsizei'; posible pérdida de datos
  Model.cpp
C:\Users\kiana\source\repos\3T1-COM\ProgramacionGrafica\backfaceCulling\BackFaceCulling\Model.cpp(263,91): warning C4267: 'argumento': conversión de 'size_t' a 'GLuint'; posible pérdida de datos
C:\Users\kiana\source\repos\3T1-COM\ProgramacionGrafica\backfaceCulling\BackFaceCulling\Model.cpp(271,93): warning C4267: 'argumento': conversión de 'size_t' a 'GLuint'; posible pérdida de datos
  shaderClass.cpp
  stb.cpp
  Texture.cpp
  VAO.cpp
C:\Users\kiana\source\repos\3T1-COM\ProgramacionGrafica\backfaceCulling\BackFaceCulling\VAO.cpp(13,63): warning C4244: 'argumento': conversión de 'GLsizeiptr' a 'GLsizei'; posible pérdida de datos
  VBO.cpp
  Generando código...
  glad.c
glfw3.lib(input.obj) : warning LNK4099: no se encontró PDB '' con 'glfw3.lib(input.obj)' o en ''; se vinculará el objeto sin tener en cuenta información de depuración
glfw3.lib(init.obj) : warning LNK4099: no se encontró PDB '' con 'glfw3.lib(init.obj)' o en ''; se vinculará el objeto sin tener en cuenta información de depuración
glfw3.lib(window.obj) : warning LNK4099: no se encontró PDB '' con 'glfw3.lib(window.obj)' o en ''; se vinculará el objeto sin tener en cuenta información de depuración
glfw3.lib(context.obj) : warning LNK4099: no se encontró PDB '' con 'glfw3.lib(context.obj)' o en ''; se vinculará el objeto sin tener en cuenta información de depuración
glfw3.lib(win32_window.obj) : warning LNK4099: no se encontró PDB '' con 'glfw3.lib(win32_window.obj)' o en ''; se vinculará el objeto sin tener en cuenta información de depuración
glfw3.lib(win32_joystick.obj) : warning LNK4099: no se encontró PDB '' con 'glfw3.lib(win32_joystick.obj)' o en ''; se vinculará el objeto sin tener en cuenta información de depuración
glfw3.lib(win32_time.obj) : warning LNK4099: no se encontró PDB '' con 'glfw3.lib(win32_time.obj)' o en ''; se vinculará el objeto sin tener en cuenta información de depuración
glfw3.lib(win32_init.obj) : warning LNK4099: no se encontró PDB '' con 'glfw3.lib(win32_init.obj)' o en ''; se vinculará el objeto sin tener en cuenta información de depuración
glfw3.lib(win32_monitor.obj) : warning LNK4099: no se encontró PDB '' con 'glfw3.lib(win32_monitor.obj)' o en ''; se vinculará el objeto sin tener en cuenta información de depuración
glfw3.lib(win32_thread.obj) : warning LNK4099: no se encontró PDB '' con 'glfw3.lib(win32_thread.obj)' o en ''; se vinculará el objeto sin tener en cuenta información de depuración
glfw3.lib(monitor.obj) : warning LNK4099: no se encontró PDB '' con 'glfw3.lib(monitor.obj)' o en ''; se vinculará el objeto sin tener en cuenta información de depuración
glfw3.lib(vulkan.obj) : warning LNK4099: no se encontró PDB '' con 'glfw3.lib(vulkan.obj)' o en ''; se vinculará el objeto sin tener en cuenta información de depuración
glfw3.lib(wgl_context.obj) : warning LNK4099: no se encontró PDB '' con 'glfw3.lib(wgl_context.obj)' o en ''; se vinculará el objeto sin tener en cuenta información de depuración
glfw3.lib(egl_context.obj) : warning LNK4099: no se encontró PDB '' con 'glfw3.lib(egl_context.obj)' o en ''; se vinculará el objeto sin tener en cuenta información de depuración
glfw3.lib(osmesa_context.obj) : warning LNK4099: no se encontró PDB '' con 'glfw3.lib(osmesa_context.obj)' o en ''; se vinculará el objeto sin tener en cuenta información de depuración
  YoutubeOpenGL.vcxproj -> C:\Users\kiana\source\repos\3T1-COM\ProgramacionGrafica\backfaceCulling\BackFaceCulling\x64\Debug\BackFaceCulling.exe
